<?xml version="1.0" encoding="UTF-8"?>
<!-- Generated by org.testng.reporters.JUnitReportReporter -->
<testsuite hostname="SeelaJabez" failures="0" tests="1" name="examples.DemoTest" time="2.005" errors="0" timestamp="2023-08-23T21:24:46 IST" skipped="0">
  <testcase classname="examples.DemoTest" name="f" time="2.005"/>
  <system-out/>
</testsuite> <!-- examples.DemoTest -->
